2025-12-16 13:43:48,734 - ERROR - Ошибка при выполнении SQL: (pymysql.err.DataError) (1366, "Incorrect integer value: 'tab-admin' for column 'admin' at row 1")
[SQL: UPDATE lptv.user SET name = 'Мариам Вартанян', admin = 'tab-admin' WHERE id = 2]
(Background on this error at: https://sqlalche.me/e/20/9h9h)
Traceback (most recent call last):
  File "D:\PROJECTS\LPTV_Dashboard\venv\Lib\site-packages\sqlalchemy\engine\base.py", line 1963, in _exec_single_context
    self.dialect.do_execute(
  File "D:\PROJECTS\LPTV_Dashboard\venv\Lib\site-packages\sqlalchemy\engine\default.py", line 943, in do_execute
    cursor.execute(statement, parameters)
  File "D:\PROJECTS\LPTV_Dashboard\venv\Lib\site-packages\pymysql\cursors.py", line 153, in execute
    result = self._query(query)
             ^^^^^^^^^^^^^^^^^^
  File "D:\PROJECTS\LPTV_Dashboard\venv\Lib\site-packages\pymysql\cursors.py", line 322, in _query
    conn.query(q)
  File "D:\PROJECTS\LPTV_Dashboard\venv\Lib\site-packages\pymysql\connections.py", line 563, in query
    self._affected_rows = self._read_query_result(unbuffered=unbuffered)
                          ^^^^^^^^^^^^^^^^^^^^^^^^^^^^^^^^^^^^^^^^^^^^^^
  File "D:\PROJECTS\LPTV_Dashboard\venv\Lib\site-packages\pymysql\connections.py", line 825, in _read_query_result
    result.read()
  File "D:\PROJECTS\LPTV_Dashboard\venv\Lib\site-packages\pymysql\connections.py", line 1199, in read
    first_packet = self.connection._read_packet()
                   ^^^^^^^^^^^^^^^^^^^^^^^^^^^^^^
  File "D:\PROJECTS\LPTV_Dashboard\venv\Lib\site-packages\pymysql\connections.py", line 775, in _read_packet
    packet.raise_for_error()
  File "D:\PROJECTS\LPTV_Dashboard\venv\Lib\site-packages\pymysql\protocol.py", line 219, in raise_for_error
    err.raise_mysql_exception(self._data)
  File "D:\PROJECTS\LPTV_Dashboard\venv\Lib\site-packages\pymysql\err.py", line 150, in raise_mysql_exception
    raise errorclass(errno, errval)
pymysql.err.DataError: (1366, "Incorrect integer value: 'tab-admin' for column 'admin' at row 1")

The above exception was the direct cause of the following exception:

Traceback (most recent call last):
  File "D:\PROJECTS\LPTV_Dashboard\callback.py", line 1380, in UpdateDict
    db.execute_user_queries(CACHE, item_id, mode)
  File "D:\PROJECTS\LPTV_Dashboard\db.py", line 224, in execute_user_queries
    execute_query(con, sql)
  File "D:\PROJECTS\LPTV_Dashboard\db.py", line 11, in execute_query
    res= con.execute(text(query))
         ^^^^^^^^^^^^^^^^^^^^^^^^
  File "D:\PROJECTS\LPTV_Dashboard\venv\Lib\site-packages\sqlalchemy\engine\base.py", line 1415, in execute
    return meth(
           ^^^^^
  File "D:\PROJECTS\LPTV_Dashboard\venv\Lib\site-packages\sqlalchemy\sql\elements.py", line 523, in _execute_on_connection
    return connection._execute_clauseelement(
           ^^^^^^^^^^^^^^^^^^^^^^^^^^^^^^^^^^
  File "D:\PROJECTS\LPTV_Dashboard\venv\Lib\site-packages\sqlalchemy\engine\base.py", line 1637, in _execute_clauseelement
    ret = self._execute_context(
          ^^^^^^^^^^^^^^^^^^^^^^
  File "D:\PROJECTS\LPTV_Dashboard\venv\Lib\site-packages\sqlalchemy\engine\base.py", line 1842, in _execute_context
    return self._exec_single_context(
           ^^^^^^^^^^^^^^^^^^^^^^^^^^
  File "D:\PROJECTS\LPTV_Dashboard\venv\Lib\site-packages\sqlalchemy\engine\base.py", line 1982, in _exec_single_context
    self._handle_dbapi_exception(
  File "D:\PROJECTS\LPTV_Dashboard\venv\Lib\site-packages\sqlalchemy\engine\base.py", line 2351, in _handle_dbapi_exception
    raise sqlalchemy_exception.with_traceback(exc_info[2]) from e
  File "D:\PROJECTS\LPTV_Dashboard\venv\Lib\site-packages\sqlalchemy\engine\base.py", line 1963, in _exec_single_context
    self.dialect.do_execute(
  File "D:\PROJECTS\LPTV_Dashboard\venv\Lib\site-packages\sqlalchemy\engine\default.py", line 943, in do_execute
    cursor.execute(statement, parameters)
  File "D:\PROJECTS\LPTV_Dashboard\venv\Lib\site-packages\pymysql\cursors.py", line 153, in execute
    result = self._query(query)
             ^^^^^^^^^^^^^^^^^^
  File "D:\PROJECTS\LPTV_Dashboard\venv\Lib\site-packages\pymysql\cursors.py", line 322, in _query
    conn.query(q)
  File "D:\PROJECTS\LPTV_Dashboard\venv\Lib\site-packages\pymysql\connections.py", line 563, in query
    self._affected_rows = self._read_query_result(unbuffered=unbuffered)
                          ^^^^^^^^^^^^^^^^^^^^^^^^^^^^^^^^^^^^^^^^^^^^^^
  File "D:\PROJECTS\LPTV_Dashboard\venv\Lib\site-packages\pymysql\connections.py", line 825, in _read_query_result
    result.read()
  File "D:\PROJECTS\LPTV_Dashboard\venv\Lib\site-packages\pymysql\connections.py", line 1199, in read
    first_packet = self.connection._read_packet()
                   ^^^^^^^^^^^^^^^^^^^^^^^^^^^^^^
  File "D:\PROJECTS\LPTV_Dashboard\venv\Lib\site-packages\pymysql\connections.py", line 775, in _read_packet
    packet.raise_for_error()
  File "D:\PROJECTS\LPTV_Dashboard\venv\Lib\site-packages\pymysql\protocol.py", line 219, in raise_for_error
    err.raise_mysql_exception(self._data)
  File "D:\PROJECTS\LPTV_Dashboard\venv\Lib\site-packages\pymysql\err.py", line 150, in raise_mysql_exception
    raise errorclass(errno, errval)
sqlalchemy.exc.DataError: (pymysql.err.DataError) (1366, "Incorrect integer value: 'tab-admin' for column 'admin' at row 1")
[SQL: UPDATE lptv.user SET name = 'Мариам Вартанян', admin = 'tab-admin' WHERE id = 2]
(Background on this error at: https://sqlalche.me/e/20/9h9h)
2025-12-16 14:03:24,396 - ERROR - Ошибка в RenderModal: list index out of range
Traceback (most recent call last):
  File "D:\PROJECTS\LPTV_Dashboard\callback.py", line 1169, in RenderModal
    dbc.Row([dbc.Col(generate_stage_rows(prj_data['stages'], today))]),
                     ^^^^^^^^^^^^^^^^^^^^^^^^^^^^^^^^^^^^^^^^^^^^^^
  File "D:\PROJECTS\LPTV_Dashboard\callback.py", line 1107, in generate_stage_rows
    ("1. Подготовка", 'StageDate1', stages[0]),
                                    ~~~~~~^^^
IndexError: list index out of range
2025-12-16 14:03:26,691 - ERROR - Ошибка в RenderModal: list index out of range
Traceback (most recent call last):
  File "D:\PROJECTS\LPTV_Dashboard\callback.py", line 1169, in RenderModal
    dbc.Row([dbc.Col(generate_stage_rows(prj_data['stages'], today))]),
                     ^^^^^^^^^^^^^^^^^^^^^^^^^^^^^^^^^^^^^^^^^^^^^^
  File "D:\PROJECTS\LPTV_Dashboard\callback.py", line 1107, in generate_stage_rows
    ("1. Подготовка", 'StageDate1', stages[0]),
                                    ~~~~~~^^^
IndexError: list index out of range
2025-12-16 14:03:27,318 - ERROR - Ошибка в RenderModal: list index out of range
Traceback (most recent call last):
  File "D:\PROJECTS\LPTV_Dashboard\callback.py", line 1169, in RenderModal
    dbc.Row([dbc.Col(generate_stage_rows(prj_data['stages'], today))]),
                     ^^^^^^^^^^^^^^^^^^^^^^^^^^^^^^^^^^^^^^^^^^^^^^
  File "D:\PROJECTS\LPTV_Dashboard\callback.py", line 1107, in generate_stage_rows
    ("1. Подготовка", 'StageDate1', stages[0]),
                                    ~~~~~~^^^
IndexError: list index out of range
2025-12-16 14:05:19,730 - ERROR - Ошибка при выполнении SQL: (pymysql.err.OperationalError) (1292, "Incorrect date value: 'NULL' for column 'finishdate' at row 1")
[SQL: INSERT INTO lptv.projectstage (projectId, stageId, finishdate)
                                                              VALUES (122, 1, 'NULL')]
(Background on this error at: https://sqlalche.me/e/20/e3q8)
Traceback (most recent call last):
  File "D:\PROJECTS\LPTV_Dashboard\venv\Lib\site-packages\sqlalchemy\engine\base.py", line 1963, in _exec_single_context
    self.dialect.do_execute(
  File "D:\PROJECTS\LPTV_Dashboard\venv\Lib\site-packages\sqlalchemy\engine\default.py", line 943, in do_execute
    cursor.execute(statement, parameters)
  File "D:\PROJECTS\LPTV_Dashboard\venv\Lib\site-packages\pymysql\cursors.py", line 153, in execute
    result = self._query(query)
             ^^^^^^^^^^^^^^^^^^
  File "D:\PROJECTS\LPTV_Dashboard\venv\Lib\site-packages\pymysql\cursors.py", line 322, in _query
    conn.query(q)
  File "D:\PROJECTS\LPTV_Dashboard\venv\Lib\site-packages\pymysql\connections.py", line 563, in query
    self._affected_rows = self._read_query_result(unbuffered=unbuffered)
                          ^^^^^^^^^^^^^^^^^^^^^^^^^^^^^^^^^^^^^^^^^^^^^^
  File "D:\PROJECTS\LPTV_Dashboard\venv\Lib\site-packages\pymysql\connections.py", line 825, in _read_query_result
    result.read()
  File "D:\PROJECTS\LPTV_Dashboard\venv\Lib\site-packages\pymysql\connections.py", line 1199, in read
    first_packet = self.connection._read_packet()
                   ^^^^^^^^^^^^^^^^^^^^^^^^^^^^^^
  File "D:\PROJECTS\LPTV_Dashboard\venv\Lib\site-packages\pymysql\connections.py", line 775, in _read_packet
    packet.raise_for_error()
  File "D:\PROJECTS\LPTV_Dashboard\venv\Lib\site-packages\pymysql\protocol.py", line 219, in raise_for_error
    err.raise_mysql_exception(self._data)
  File "D:\PROJECTS\LPTV_Dashboard\venv\Lib\site-packages\pymysql\err.py", line 150, in raise_mysql_exception
    raise errorclass(errno, errval)
pymysql.err.OperationalError: (1292, "Incorrect date value: 'NULL' for column 'finishdate' at row 1")

The above exception was the direct cause of the following exception:

Traceback (most recent call last):
  File "D:\PROJECTS\LPTV_Dashboard\callback.py", line 1384, in UpdateDict
    db.execute_project_queries(CACHE, item_id, mode)
  File "D:\PROJECTS\LPTV_Dashboard\db.py", line 301, in execute_project_queries
    execute_query(con, sql)
  File "D:\PROJECTS\LPTV_Dashboard\db.py", line 11, in execute_query
    res= con.execute(text(query))
         ^^^^^^^^^^^^^^^^^^^^^^^^
  File "D:\PROJECTS\LPTV_Dashboard\venv\Lib\site-packages\sqlalchemy\engine\base.py", line 1415, in execute
    return meth(
           ^^^^^
  File "D:\PROJECTS\LPTV_Dashboard\venv\Lib\site-packages\sqlalchemy\sql\elements.py", line 523, in _execute_on_connection
    return connection._execute_clauseelement(
           ^^^^^^^^^^^^^^^^^^^^^^^^^^^^^^^^^^
  File "D:\PROJECTS\LPTV_Dashboard\venv\Lib\site-packages\sqlalchemy\engine\base.py", line 1637, in _execute_clauseelement
    ret = self._execute_context(
          ^^^^^^^^^^^^^^^^^^^^^^
  File "D:\PROJECTS\LPTV_Dashboard\venv\Lib\site-packages\sqlalchemy\engine\base.py", line 1842, in _execute_context
    return self._exec_single_context(
           ^^^^^^^^^^^^^^^^^^^^^^^^^^
  File "D:\PROJECTS\LPTV_Dashboard\venv\Lib\site-packages\sqlalchemy\engine\base.py", line 1982, in _exec_single_context
    self._handle_dbapi_exception(
  File "D:\PROJECTS\LPTV_Dashboard\venv\Lib\site-packages\sqlalchemy\engine\base.py", line 2351, in _handle_dbapi_exception
    raise sqlalchemy_exception.with_traceback(exc_info[2]) from e
  File "D:\PROJECTS\LPTV_Dashboard\venv\Lib\site-packages\sqlalchemy\engine\base.py", line 1963, in _exec_single_context
    self.dialect.do_execute(
  File "D:\PROJECTS\LPTV_Dashboard\venv\Lib\site-packages\sqlalchemy\engine\default.py", line 943, in do_execute
    cursor.execute(statement, parameters)
  File "D:\PROJECTS\LPTV_Dashboard\venv\Lib\site-packages\pymysql\cursors.py", line 153, in execute
    result = self._query(query)
             ^^^^^^^^^^^^^^^^^^
  File "D:\PROJECTS\LPTV_Dashboard\venv\Lib\site-packages\pymysql\cursors.py", line 322, in _query
    conn.query(q)
  File "D:\PROJECTS\LPTV_Dashboard\venv\Lib\site-packages\pymysql\connections.py", line 563, in query
    self._affected_rows = self._read_query_result(unbuffered=unbuffered)
                          ^^^^^^^^^^^^^^^^^^^^^^^^^^^^^^^^^^^^^^^^^^^^^^
  File "D:\PROJECTS\LPTV_Dashboard\venv\Lib\site-packages\pymysql\connections.py", line 825, in _read_query_result
    result.read()
  File "D:\PROJECTS\LPTV_Dashboard\venv\Lib\site-packages\pymysql\connections.py", line 1199, in read
    first_packet = self.connection._read_packet()
                   ^^^^^^^^^^^^^^^^^^^^^^^^^^^^^^
  File "D:\PROJECTS\LPTV_Dashboard\venv\Lib\site-packages\pymysql\connections.py", line 775, in _read_packet
    packet.raise_for_error()
  File "D:\PROJECTS\LPTV_Dashboard\venv\Lib\site-packages\pymysql\protocol.py", line 219, in raise_for_error
    err.raise_mysql_exception(self._data)
  File "D:\PROJECTS\LPTV_Dashboard\venv\Lib\site-packages\pymysql\err.py", line 150, in raise_mysql_exception
    raise errorclass(errno, errval)
sqlalchemy.exc.OperationalError: (pymysql.err.OperationalError) (1292, "Incorrect date value: 'NULL' for column 'finishdate' at row 1")
[SQL: INSERT INTO lptv.projectstage (projectId, stageId, finishdate)
                                                              VALUES (122, 1, 'NULL')]
(Background on this error at: https://sqlalche.me/e/20/e3q8)
2025-12-16 14:10:49,424 - ERROR - Ошибка при выполнении SQL: (pymysql.err.IntegrityError) (1062, "Duplicate entry 'ass' for key 'project.name'")
[SQL: INSERT INTO lptv.project (name, startdate, square, level, isDone) VALUES ('ass', '2025-12-16', '122', '2', 0)]
(Background on this error at: https://sqlalche.me/e/20/gkpj)
Traceback (most recent call last):
  File "D:\PROJECTS\LPTV_Dashboard\venv\Lib\site-packages\sqlalchemy\engine\base.py", line 1963, in _exec_single_context
    self.dialect.do_execute(
  File "D:\PROJECTS\LPTV_Dashboard\venv\Lib\site-packages\sqlalchemy\engine\default.py", line 943, in do_execute
    cursor.execute(statement, parameters)
  File "D:\PROJECTS\LPTV_Dashboard\venv\Lib\site-packages\pymysql\cursors.py", line 153, in execute
    result = self._query(query)
             ^^^^^^^^^^^^^^^^^^
  File "D:\PROJECTS\LPTV_Dashboard\venv\Lib\site-packages\pymysql\cursors.py", line 322, in _query
    conn.query(q)
  File "D:\PROJECTS\LPTV_Dashboard\venv\Lib\site-packages\pymysql\connections.py", line 563, in query
    self._affected_rows = self._read_query_result(unbuffered=unbuffered)
                          ^^^^^^^^^^^^^^^^^^^^^^^^^^^^^^^^^^^^^^^^^^^^^^
  File "D:\PROJECTS\LPTV_Dashboard\venv\Lib\site-packages\pymysql\connections.py", line 825, in _read_query_result
    result.read()
  File "D:\PROJECTS\LPTV_Dashboard\venv\Lib\site-packages\pymysql\connections.py", line 1199, in read
    first_packet = self.connection._read_packet()
                   ^^^^^^^^^^^^^^^^^^^^^^^^^^^^^^
  File "D:\PROJECTS\LPTV_Dashboard\venv\Lib\site-packages\pymysql\connections.py", line 775, in _read_packet
    packet.raise_for_error()
  File "D:\PROJECTS\LPTV_Dashboard\venv\Lib\site-packages\pymysql\protocol.py", line 219, in raise_for_error
    err.raise_mysql_exception(self._data)
  File "D:\PROJECTS\LPTV_Dashboard\venv\Lib\site-packages\pymysql\err.py", line 150, in raise_mysql_exception
    raise errorclass(errno, errval)
pymysql.err.IntegrityError: (1062, "Duplicate entry 'ass' for key 'project.name'")

The above exception was the direct cause of the following exception:

Traceback (most recent call last):
  File "D:\PROJECTS\LPTV_Dashboard\callback.py", line 1384, in UpdateDict
    db.execute_project_queries(CACHE, item_id, mode)
  File "D:\PROJECTS\LPTV_Dashboard\db.py", line 289, in execute_project_queries
    res = execute_query(con, sql)
          ^^^^^^^^^^^^^^^^^^^^^^^
  File "D:\PROJECTS\LPTV_Dashboard\db.py", line 11, in execute_query
    res= con.execute(text(query))
         ^^^^^^^^^^^^^^^^^^^^^^^^
  File "D:\PROJECTS\LPTV_Dashboard\venv\Lib\site-packages\sqlalchemy\engine\base.py", line 1415, in execute
    return meth(
           ^^^^^
  File "D:\PROJECTS\LPTV_Dashboard\venv\Lib\site-packages\sqlalchemy\sql\elements.py", line 523, in _execute_on_connection
    return connection._execute_clauseelement(
           ^^^^^^^^^^^^^^^^^^^^^^^^^^^^^^^^^^
  File "D:\PROJECTS\LPTV_Dashboard\venv\Lib\site-packages\sqlalchemy\engine\base.py", line 1637, in _execute_clauseelement
    ret = self._execute_context(
          ^^^^^^^^^^^^^^^^^^^^^^
  File "D:\PROJECTS\LPTV_Dashboard\venv\Lib\site-packages\sqlalchemy\engine\base.py", line 1842, in _execute_context
    return self._exec_single_context(
           ^^^^^^^^^^^^^^^^^^^^^^^^^^
  File "D:\PROJECTS\LPTV_Dashboard\venv\Lib\site-packages\sqlalchemy\engine\base.py", line 1982, in _exec_single_context
    self._handle_dbapi_exception(
  File "D:\PROJECTS\LPTV_Dashboard\venv\Lib\site-packages\sqlalchemy\engine\base.py", line 2351, in _handle_dbapi_exception
    raise sqlalchemy_exception.with_traceback(exc_info[2]) from e
  File "D:\PROJECTS\LPTV_Dashboard\venv\Lib\site-packages\sqlalchemy\engine\base.py", line 1963, in _exec_single_context
    self.dialect.do_execute(
  File "D:\PROJECTS\LPTV_Dashboard\venv\Lib\site-packages\sqlalchemy\engine\default.py", line 943, in do_execute
    cursor.execute(statement, parameters)
  File "D:\PROJECTS\LPTV_Dashboard\venv\Lib\site-packages\pymysql\cursors.py", line 153, in execute
    result = self._query(query)
             ^^^^^^^^^^^^^^^^^^
  File "D:\PROJECTS\LPTV_Dashboard\venv\Lib\site-packages\pymysql\cursors.py", line 322, in _query
    conn.query(q)
  File "D:\PROJECTS\LPTV_Dashboard\venv\Lib\site-packages\pymysql\connections.py", line 563, in query
    self._affected_rows = self._read_query_result(unbuffered=unbuffered)
                          ^^^^^^^^^^^^^^^^^^^^^^^^^^^^^^^^^^^^^^^^^^^^^^
  File "D:\PROJECTS\LPTV_Dashboard\venv\Lib\site-packages\pymysql\connections.py", line 825, in _read_query_result
    result.read()
  File "D:\PROJECTS\LPTV_Dashboard\venv\Lib\site-packages\pymysql\connections.py", line 1199, in read
    first_packet = self.connection._read_packet()
                   ^^^^^^^^^^^^^^^^^^^^^^^^^^^^^^
  File "D:\PROJECTS\LPTV_Dashboard\venv\Lib\site-packages\pymysql\connections.py", line 775, in _read_packet
    packet.raise_for_error()
  File "D:\PROJECTS\LPTV_Dashboard\venv\Lib\site-packages\pymysql\protocol.py", line 219, in raise_for_error
    err.raise_mysql_exception(self._data)
  File "D:\PROJECTS\LPTV_Dashboard\venv\Lib\site-packages\pymysql\err.py", line 150, in raise_mysql_exception
    raise errorclass(errno, errval)
sqlalchemy.exc.IntegrityError: (pymysql.err.IntegrityError) (1062, "Duplicate entry 'ass' for key 'project.name'")
[SQL: INSERT INTO lptv.project (name, startdate, square, level, isDone) VALUES ('ass', '2025-12-16', '122', '2', 0)]
(Background on this error at: https://sqlalche.me/e/20/gkpj)
2025-12-16 14:11:46,693 - ERROR - Ошибка при выполнении SQL: (pymysql.err.OperationalError) (1292, "Incorrect date value: 'NULL' for column 'finishdate' at row 1")
[SQL: INSERT INTO lptv.projectstage (projectId, stageId, finishdate)
                                                              VALUES (124, 1, 'NULL')]
(Background on this error at: https://sqlalche.me/e/20/e3q8)
Traceback (most recent call last):
  File "D:\PROJECTS\LPTV_Dashboard\venv\Lib\site-packages\sqlalchemy\engine\base.py", line 1963, in _exec_single_context
    self.dialect.do_execute(
  File "D:\PROJECTS\LPTV_Dashboard\venv\Lib\site-packages\sqlalchemy\engine\default.py", line 943, in do_execute
    cursor.execute(statement, parameters)
  File "D:\PROJECTS\LPTV_Dashboard\venv\Lib\site-packages\pymysql\cursors.py", line 153, in execute
    result = self._query(query)
             ^^^^^^^^^^^^^^^^^^
  File "D:\PROJECTS\LPTV_Dashboard\venv\Lib\site-packages\pymysql\cursors.py", line 322, in _query
    conn.query(q)
  File "D:\PROJECTS\LPTV_Dashboard\venv\Lib\site-packages\pymysql\connections.py", line 563, in query
    self._affected_rows = self._read_query_result(unbuffered=unbuffered)
                          ^^^^^^^^^^^^^^^^^^^^^^^^^^^^^^^^^^^^^^^^^^^^^^
  File "D:\PROJECTS\LPTV_Dashboard\venv\Lib\site-packages\pymysql\connections.py", line 825, in _read_query_result
    result.read()
  File "D:\PROJECTS\LPTV_Dashboard\venv\Lib\site-packages\pymysql\connections.py", line 1199, in read
    first_packet = self.connection._read_packet()
                   ^^^^^^^^^^^^^^^^^^^^^^^^^^^^^^
  File "D:\PROJECTS\LPTV_Dashboard\venv\Lib\site-packages\pymysql\connections.py", line 775, in _read_packet
    packet.raise_for_error()
  File "D:\PROJECTS\LPTV_Dashboard\venv\Lib\site-packages\pymysql\protocol.py", line 219, in raise_for_error
    err.raise_mysql_exception(self._data)
  File "D:\PROJECTS\LPTV_Dashboard\venv\Lib\site-packages\pymysql\err.py", line 150, in raise_mysql_exception
    raise errorclass(errno, errval)
pymysql.err.OperationalError: (1292, "Incorrect date value: 'NULL' for column 'finishdate' at row 1")

The above exception was the direct cause of the following exception:

Traceback (most recent call last):
  File "D:\PROJECTS\LPTV_Dashboard\callback.py", line 1384, in UpdateDict
    db.execute_project_queries(CACHE, item_id, mode)
  File "D:\PROJECTS\LPTV_Dashboard\db.py", line 301, in execute_project_queries
    execute_query(con, sql)
  File "D:\PROJECTS\LPTV_Dashboard\db.py", line 11, in execute_query
    res= con.execute(text(query))
         ^^^^^^^^^^^^^^^^^^^^^^^^
  File "D:\PROJECTS\LPTV_Dashboard\venv\Lib\site-packages\sqlalchemy\engine\base.py", line 1415, in execute
    return meth(
           ^^^^^
  File "D:\PROJECTS\LPTV_Dashboard\venv\Lib\site-packages\sqlalchemy\sql\elements.py", line 523, in _execute_on_connection
    return connection._execute_clauseelement(
           ^^^^^^^^^^^^^^^^^^^^^^^^^^^^^^^^^^
  File "D:\PROJECTS\LPTV_Dashboard\venv\Lib\site-packages\sqlalchemy\engine\base.py", line 1637, in _execute_clauseelement
    ret = self._execute_context(
          ^^^^^^^^^^^^^^^^^^^^^^
  File "D:\PROJECTS\LPTV_Dashboard\venv\Lib\site-packages\sqlalchemy\engine\base.py", line 1842, in _execute_context
    return self._exec_single_context(
           ^^^^^^^^^^^^^^^^^^^^^^^^^^
  File "D:\PROJECTS\LPTV_Dashboard\venv\Lib\site-packages\sqlalchemy\engine\base.py", line 1982, in _exec_single_context
    self._handle_dbapi_exception(
  File "D:\PROJECTS\LPTV_Dashboard\venv\Lib\site-packages\sqlalchemy\engine\base.py", line 2351, in _handle_dbapi_exception
    raise sqlalchemy_exception.with_traceback(exc_info[2]) from e
  File "D:\PROJECTS\LPTV_Dashboard\venv\Lib\site-packages\sqlalchemy\engine\base.py", line 1963, in _exec_single_context
    self.dialect.do_execute(
  File "D:\PROJECTS\LPTV_Dashboard\venv\Lib\site-packages\sqlalchemy\engine\default.py", line 943, in do_execute
    cursor.execute(statement, parameters)
  File "D:\PROJECTS\LPTV_Dashboard\venv\Lib\site-packages\pymysql\cursors.py", line 153, in execute
    result = self._query(query)
             ^^^^^^^^^^^^^^^^^^
  File "D:\PROJECTS\LPTV_Dashboard\venv\Lib\site-packages\pymysql\cursors.py", line 322, in _query
    conn.query(q)
  File "D:\PROJECTS\LPTV_Dashboard\venv\Lib\site-packages\pymysql\connections.py", line 563, in query
    self._affected_rows = self._read_query_result(unbuffered=unbuffered)
                          ^^^^^^^^^^^^^^^^^^^^^^^^^^^^^^^^^^^^^^^^^^^^^^
  File "D:\PROJECTS\LPTV_Dashboard\venv\Lib\site-packages\pymysql\connections.py", line 825, in _read_query_result
    result.read()
  File "D:\PROJECTS\LPTV_Dashboard\venv\Lib\site-packages\pymysql\connections.py", line 1199, in read
    first_packet = self.connection._read_packet()
                   ^^^^^^^^^^^^^^^^^^^^^^^^^^^^^^
  File "D:\PROJECTS\LPTV_Dashboard\venv\Lib\site-packages\pymysql\connections.py", line 775, in _read_packet
    packet.raise_for_error()
  File "D:\PROJECTS\LPTV_Dashboard\venv\Lib\site-packages\pymysql\protocol.py", line 219, in raise_for_error
    err.raise_mysql_exception(self._data)
  File "D:\PROJECTS\LPTV_Dashboard\venv\Lib\site-packages\pymysql\err.py", line 150, in raise_mysql_exception
    raise errorclass(errno, errval)
sqlalchemy.exc.OperationalError: (pymysql.err.OperationalError) (1292, "Incorrect date value: 'NULL' for column 'finishdate' at row 1")
[SQL: INSERT INTO lptv.projectstage (projectId, stageId, finishdate)
                                                              VALUES (124, 1, 'NULL')]
(Background on this error at: https://sqlalche.me/e/20/e3q8)
2025-12-16 14:23:18,708 - ERROR - Ошибка в RenderModal: 'NoneType' object is not subscriptable
Traceback (most recent call last):
  File "D:\PROJECTS\LPTV_Dashboard\callback.py", line 1001, in RenderModal
    Title=u[1].upper(),
          ~^^^
TypeError: 'NoneType' object is not subscriptable
2025-12-16 14:23:22,717 - ERROR - Ошибка в RenderModal: 'NoneType' object is not subscriptable
Traceback (most recent call last):
  File "D:\PROJECTS\LPTV_Dashboard\callback.py", line 1001, in RenderModal
    Title=u[1].upper(),
          ~^^^
TypeError: 'NoneType' object is not subscriptable
